<?xml version="1.0" encoding="UTF-8"?>
<!-- Generated by org.testng.reporters.JUnitReportReporter -->
<testsuite hostname="Vinu_Laptop" failures="0" tests="3" name="crossbrowsertesting.tetstingmultibrowser" time="9.944" errors="0" timestamp="2023-12-14T13:06:11 CST" skipped="0">
  <testcase classname="crossbrowsertesting.tetstingmultibrowser" name="test1" time="2.607"/>
  <system-out/>
  <testcase classname="crossbrowsertesting.tetstingmultibrowser" name="test1" time="2.535"/>
  <system-out/>
  <testcase classname="crossbrowsertesting.tetstingmultibrowser" name="test1" time="4.802"/>
  <system-out/>
</testsuite> <!-- crossbrowsertesting.tetstingmultibrowser -->
